GROUP,PACKAGE,CLASS,INSTRUCTION_MISSED,INSTRUCTION_COVERED,BRANCH_MISSED,BRANCH_COVERED,LINE_MISSED,LINE_COVERED,COMPLEXITY_MISSED,COMPLEXITY_COVERED,METHOD_MISSED,METHOD_COVERED
APKToolBoxGUI,edu.jiangxin.apktoolbox.swing.extend,EasyFrame.new WindowAdapter() {...},26,0,0,0,5,0,2,0,2,0
APKToolBoxGUI,edu.jiangxin.apktoolbox.swing.extend,AutoCompleter,138,0,22,0,37,0,17,0,6,0
APKToolBoxGUI,edu.jiangxin.apktoolbox.swing.extend,NumberPlainDocument,58,0,10,0,13,0,7,0,2,0
APKToolBoxGUI,edu.jiangxin.apktoolbox.swing.extend,ScrollBasicComboBoxUI.new BasicComboPopup() {...},15,0,0,0,2,0,2,0,2,0
APKToolBoxGUI,edu.jiangxin.apktoolbox.swing.extend,ScrollBasicComboBoxUI,12,0,0,0,3,0,2,0,2,0
APKToolBoxGUI,edu.jiangxin.apktoolbox.swing.extend,AutoCompleteComboBox,85,0,4,0,26,0,11,0,9,0
APKToolBoxGUI,edu.jiangxin.apktoolbox.swing.extend,EasyPanel,29,0,0,0,6,0,1,0,1,0
APKToolBoxGUI,edu.jiangxin.apktoolbox.swing.extend,EasyFrame,47,0,0,0,10,0,1,0,1,0
APKToolBoxGUI,edu.jiangxin.apktoolbox.text.zhconvert,ZhConverter,229,0,20,0,54,0,17,0,7,0
APKToolBoxGUI,edu.jiangxin.apktoolbox.text.zhconvert,ZhUtils,97,0,14,0,27,0,13,0,6,0
APKToolBoxGUI,edu.jiangxin.apktoolbox.text,OsConvertPanel.new MouseAdapter() {...},108,0,4,0,24,0,4,0,2,0
APKToolBoxGUI,edu.jiangxin.apktoolbox.text,OsConvertPanel.new MouseAdapter() {...},41,0,2,0,11,0,3,0,2,0
APKToolBoxGUI,edu.jiangxin.apktoolbox.text,OsConvertPanel,168,0,0,0,36,0,1,0,1,0
APKToolBoxGUI,edu.jiangxin.apktoolbox.text,EncodeConvertPanel.new ItemListener() {...},23,0,2,0,5,0,3,0,2,0
APKToolBoxGUI,edu.jiangxin.apktoolbox.text,EncodeConvertPanel.new MouseAdapter() {...},60,0,6,0,15,0,5,0,2,0
APKToolBoxGUI,edu.jiangxin.apktoolbox.text,EncodeConvertPanel.new MouseAdapter() {...},174,0,6,0,33,0,5,0,2,0
APKToolBoxGUI,edu.jiangxin.apktoolbox.text,EncodeConvertPanel,313,0,4,0,65,0,3,0,1,0
APKToolBoxGUI,edu.jiangxin.apktoolbox.main,MainFrame.new Runnable() {...},15,0,0,0,7,0,2,0,2,0
APKToolBoxGUI,edu.jiangxin.apktoolbox.main,MainFrame.ChangePanelListener,57,0,0,0,12,0,2,0,2,0
APKToolBoxGUI,edu.jiangxin.apktoolbox.main,MainFrame,580,0,0,0,95,0,9,0,9,0
APKToolBoxGUI,edu.jiangxin.apktoolbox.utils,Utils,342,0,36,0,109,0,29,0,11,0
APKToolBoxGUI,edu.jiangxin.apktoolbox.utils,KeyVerify,46,0,4,0,19,0,4,0,2,0
APKToolBoxGUI,edu.jiangxin.apktoolbox.utils,StreamHandler,67,0,8,0,24,0,7,0,3,0
APKToolBoxGUI,edu.jiangxin.apktoolbox.utils,Constants,3,0,0,0,1,0,1,0,1,0
APKToolBoxGUI,edu.jiangxin.apktoolbox.monkey,MonkeyPanel.ExcuteButtonActionListener,418,0,34,0,58,0,19,0,2,0
APKToolBoxGUI,edu.jiangxin.apktoolbox.monkey,ExcuteMonkeyRunnable,16,0,0,0,8,0,2,0,2,0
APKToolBoxGUI,edu.jiangxin.apktoolbox.monkey,MonkeyPanel.Dialog2,88,0,0,0,17,0,1,0,1,0
APKToolBoxGUI,edu.jiangxin.apktoolbox.monkey,MonkeyPanel.new ItemListener() {...},20,0,2,0,5,0,3,0,2,0
APKToolBoxGUI,edu.jiangxin.apktoolbox.monkey,MonkeyPanel.new ItemListener() {...},20,0,2,0,5,0,3,0,2,0
APKToolBoxGUI,edu.jiangxin.apktoolbox.monkey,MonkeyPanel.new ItemListener() {...},20,0,2,0,5,0,3,0,2,0
APKToolBoxGUI,edu.jiangxin.apktoolbox.monkey,MonkeyPanel.new ItemListener() {...},20,0,2,0,5,0,3,0,2,0
APKToolBoxGUI,edu.jiangxin.apktoolbox.monkey,MonkeyPanel.new ActionListener() {...},30,0,0,0,7,0,2,0,2,0
APKToolBoxGUI,edu.jiangxin.apktoolbox.monkey,MonkeyPanel.new ActionListener() {...},37,0,4,0,7,0,4,0,2,0
APKToolBoxGUI,edu.jiangxin.apktoolbox.monkey,MonkeyPanel.new ActionListener() {...},52,0,0,0,11,0,2,0,2,0
APKToolBoxGUI,edu.jiangxin.apktoolbox.monkey,MonkeyPanel.new ActionListener() {...},31,0,2,0,7,0,3,0,2,0
APKToolBoxGUI,edu.jiangxin.apktoolbox.monkey,MonkeyPanel.new ActionListener() {...},41,0,2,0,8,0,3,0,2,0
APKToolBoxGUI,edu.jiangxin.apktoolbox.monkey,MonkeyPanel.Dialog2.new ActionListener() {...},14,0,0,0,3,0,2,0,2,0
APKToolBoxGUI,edu.jiangxin.apktoolbox.monkey,MonkeyPanel,1198,0,20,0,230,0,21,0,11,0
APKToolBoxGUI,edu.jiangxin.apktoolbox.monkey,MonkeyPanel.CountdownRunnable,597,0,18,0,79,0,13,0,4,0
APKToolBoxGUI,edu.jiangxin.apktoolbox.screenshot,ScreenShotPanel,319,0,0,0,63,0,5,0,5,0
APKToolBoxGUI,edu.jiangxin.apktoolbox.screenshot,ScreenShotPanel.ScreenshotButtonMouseAdapter,210,0,8,0,40,0,6,0,2,0
APKToolBoxGUI,edu.jiangxin.apktoolbox.screenshot,ScreenShotPanel.new Transferable() {...},29,0,2,0,6,0,5,0,4,0
APKToolBoxGUI,edu.jiangxin.apktoolbox.screenshot,ScreenShotPanel.new MouseAdapter() {...},46,0,2,0,12,0,3,0,2,0
APKToolBoxGUI,edu.jiangxin.apktoolbox.screenshot,ScreenShotPanel.new TransferHandler() {...},55,0,4,0,13,0,5,0,3,0
APKToolBoxGUI,edu.jiangxin.apktoolbox.screenshot,ScreenShotPanel.new MouseAdapter() {...},13,0,0,0,4,0,2,0,2,0
APKToolBoxGUI,edu.jiangxin.apktoolbox.help,ContributeActionListener,20,0,0,0,9,0,2,0,2,0
APKToolBoxGUI,edu.jiangxin.apktoolbox.help,FeedbackActionListener,20,0,0,0,9,0,2,0,2,0
APKToolBoxGUI,edu.jiangxin.apktoolbox.help,CheckUpdateActionListener,180,0,10,0,63,0,11,0,6,0
APKToolBoxGUI,edu.jiangxin.apktoolbox.help,AboutPanel,105,0,6,0,30,0,4,0,1,0
APKToolBoxGUI,edu.jiangxin.apktoolbox.text.core,ClassVersionTools,104,225,11,17,32,51,12,6,1,3
APKToolBoxGUI,edu.jiangxin.apktoolbox.text.core,FileFilterWrapper.new FilenameFilter() {...},0,8,0,0,0,2,0,2,0,2
APKToolBoxGUI,edu.jiangxin.apktoolbox.text.core,FileFilterWrapper.new FilenameFilter() {...},0,16,0,0,0,3,0,2,0,2
APKToolBoxGUI,edu.jiangxin.apktoolbox.text.core,FileFilterWrapper.new FileFilter() {...},0,9,0,0,0,2,0,2,0,2
APKToolBoxGUI,edu.jiangxin.apktoolbox.text.core,OsPatternConvert,98,311,17,31,23,66,21,20,6,11
APKToolBoxGUI,edu.jiangxin.apktoolbox.text.core,EncoderConvert,51,147,7,9,15,33,8,7,3,4
APKToolBoxGUI,edu.jiangxin.apktoolbox.text.core,LineCount,156,0,10,0,38,0,10,0,5,0
APKToolBoxGUI,edu.jiangxin.apktoolbox.text.core,EncoderDetector.new Runnable() {...},13,48,1,1,4,13,1,2,0,2
APKToolBoxGUI,edu.jiangxin.apktoolbox.text.core,EncoderDetector.new Runnable() {...},14,52,2,4,5,14,2,3,0,2
APKToolBoxGUI,edu.jiangxin.apktoolbox.text.core,FileProcess,228,175,37,11,54,34,26,8,6,4
APKToolBoxGUI,edu.jiangxin.apktoolbox.text.core,EncoderDetector,54,108,9,7,12,23,8,4,1,3
APKToolBoxGUI,edu.jiangxin.apktoolbox.text.core,FileFilterWrapper,15,93,5,11,5,21,5,7,0,4
APKToolBoxGUI,edu.jiangxin.apktoolbox.reverse,JadxActionListener,60,0,0,0,14,0,3,0,3,0
APKToolBoxGUI,edu.jiangxin.apktoolbox.reverse,ApktoolDecodePanel.new MouseAdapter() {...},204,0,12,0,48,0,8,0,2,0
APKToolBoxGUI,edu.jiangxin.apktoolbox.reverse,ApktoolDecodePanel.new MouseAdapter() {...},41,0,2,0,11,0,3,0,2,0
APKToolBoxGUI,edu.jiangxin.apktoolbox.reverse,ApktoolDecodePanel.new MouseAdapter() {...},41,0,2,0,11,0,3,0,2,0
APKToolBoxGUI,edu.jiangxin.apktoolbox.reverse,ApktoolDecodePanel,189,0,0,0,39,0,1,0,1,0
APKToolBoxGUI,edu.jiangxin.apktoolbox.reverse,AxmlPrinterPanel,148,0,0,0,30,0,1,0,1,0
APKToolBoxGUI,edu.jiangxin.apktoolbox.reverse,ApktoolRebuildPanel.new MouseAdapter() {...},49,0,2,0,13,0,3,0,2,0
APKToolBoxGUI,edu.jiangxin.apktoolbox.reverse,ApktoolRebuildPanel.new MouseAdapter() {...},248,0,10,0,58,0,7,0,2,0
APKToolBoxGUI,edu.jiangxin.apktoolbox.reverse,ApkSignerPanel.ScreenshotButtonMouseAdapter,295,0,10,0,66,0,8,0,3,0
APKToolBoxGUI,edu.jiangxin.apktoolbox.reverse,ApktoolRebuildPanel.new MouseAdapter() {...},41,0,2,0,11,0,3,0,2,0
APKToolBoxGUI,edu.jiangxin.apktoolbox.reverse,ApkSignerPanel.RecoverButtonMouseAdapter,42,0,0,0,7,0,2,0,2,0
APKToolBoxGUI,edu.jiangxin.apktoolbox.reverse,ApkFileFilter,13,0,0,0,4,0,3,0,3,0
APKToolBoxGUI,edu.jiangxin.apktoolbox.reverse,ApkSignerPanel,498,0,0,0,97,0,7,0,7,0
APKToolBoxGUI,edu.jiangxin.apktoolbox.reverse,AxmlPrinterPanel.new MouseAdapter() {...},220,0,12,0,53,0,8,0,2,0
APKToolBoxGUI,edu.jiangxin.apktoolbox.reverse,ApkSignerPanel.new MouseAdapter() {...},39,0,2,0,11,0,3,0,2,0
APKToolBoxGUI,edu.jiangxin.apktoolbox.reverse,ApkSignerPanel.new MouseAdapter() {...},39,0,2,0,11,0,3,0,2,0
APKToolBoxGUI,edu.jiangxin.apktoolbox.reverse,ApktoolRebuildPanel,176,0,0,0,36,0,1,0,1,0
APKToolBoxGUI,edu.jiangxin.apktoolbox.reverse,AxmlPrinterPanel.new MouseAdapter() {...},41,0,2,0,11,0,3,0,2,0
APKToolBoxGUI,edu.jiangxin.apktoolbox.reverse,AxmlPrinterPanel.new MouseAdapter() {...},41,0,2,0,11,0,3,0,2,0
APKToolBoxGUI,edu.jiangxin.apktoolbox.reverse,JdActionListener,54,0,0,0,14,0,3,0,3,0
APKToolBoxGUI,edu.jiangxin.apktoolbox,Version,3,0,0,0,1,0,1,0,1,0
APKToolBoxGUI,edu.jiangxin.apktoolbox.i18n,I18nAddPanel,825,0,36,0,178,0,29,0,11,0
APKToolBoxGUI,edu.jiangxin.apktoolbox.i18n,I18nFindLongestPanel.new MouseAdapter() {...},160,0,8,0,36,0,6,0,2,0
APKToolBoxGUI,edu.jiangxin.apktoolbox.i18n,I18nFindLongestPanel.new Comparator() {...},12,0,0,0,2,0,2,0,2,0
APKToolBoxGUI,edu.jiangxin.apktoolbox.i18n,I18nFindLongestPanel.new MouseAdapter() {...},39,0,2,0,11,0,3,0,2,0
APKToolBoxGUI,edu.jiangxin.apktoolbox.i18n,I18nFindLongestPanel.new FileFilter() {...},11,0,0,0,2,0,2,0,2,0
APKToolBoxGUI,edu.jiangxin.apktoolbox.i18n,I18nRemovePanel,351,0,6,0,67,0,8,0,5,0
APKToolBoxGUI,edu.jiangxin.apktoolbox.i18n,I18nAddPanel.new MouseAdapter() {...},217,0,18,0,46,0,11,0,2,0
APKToolBoxGUI,edu.jiangxin.apktoolbox.i18n,I18nAddPanel.new FileFilter() {...},11,0,0,0,2,0,2,0,2,0
APKToolBoxGUI,edu.jiangxin.apktoolbox.i18n,I18nAddPanel.new MouseAdapter() {...},39,0,2,0,11,0,3,0,2,0
APKToolBoxGUI,edu.jiangxin.apktoolbox.i18n,I18nAddPanel.new MouseAdapter() {...},39,0,2,0,11,0,3,0,2,0
APKToolBoxGUI,edu.jiangxin.apktoolbox.i18n,I18nRemovePanel.new MouseAdapter() {...},103,0,6,0,26,0,5,0,2,0
APKToolBoxGUI,edu.jiangxin.apktoolbox.i18n,I18nRemovePanel.new MouseAdapter() {...},39,0,2,0,11,0,3,0,2,0
APKToolBoxGUI,edu.jiangxin.apktoolbox.i18n,I18nRemovePanel.new FileFilter() {...},11,0,0,0,2,0,2,0,2,0
APKToolBoxGUI,edu.jiangxin.apktoolbox.i18n,I18nFindLongestPanel,387,0,16,0,80,0,14,0,6,0
APKToolBoxGUI,edu.jiangxin.apktoolbox.i18n,I18nInfo,34,0,0,0,6,0,2,0,2,0
